[2026-03-02T02:43:26.208Z] [AUDIT] User [98074dfc-6919-49e1-bd6e-3a1baeb4cd42] created Task [73f3e751-72d0-4c59-b416-87e9776737fd] in Org [83e6e64a-8e90-4c67-ba65-6bdeb57a7183]
[2026-03-02T03:52:00.294Z] [AUDIT] User [4bb53446-0988-4b17-a829-b18f4d79be86] created Task [cf53a461-1105-454d-ba36-b17328f947fc] in Org [fd4f0d45-9644-4fee-ad60-4abe3e2d40b0]
[2026-03-02T03:52:03.538Z] [AUDIT] User [4bb53446-0988-4b17-a829-b18f4d79be86] created Task [25b426bd-1a94-4d30-ae89-c5476405c609] in Org [fd4f0d45-9644-4fee-ad60-4abe3e2d40b0]
[2026-03-02T03:52:07.284Z] [AUDIT] User [4bb53446-0988-4b17-a829-b18f4d79be86] updated Task [25b426bd-1a94-4d30-ae89-c5476405c609] in Org [fd4f0d45-9644-4fee-ad60-4abe3e2d40b0]
[2026-03-02T03:52:10.616Z] [AUDIT] User [4bb53446-0988-4b17-a829-b18f4d79be86] updated Task [cf53a461-1105-454d-ba36-b17328f947fc] in Org [fd4f0d45-9644-4fee-ad60-4abe3e2d40b0]
[2026-03-02T03:52:14.983Z] [AUDIT] User [4bb53446-0988-4b17-a829-b18f4d79be86] updated Task [25b426bd-1a94-4d30-ae89-c5476405c609] in Org [fd4f0d45-9644-4fee-ad60-4abe3e2d40b0]
[2026-03-02T03:52:19.220Z] [AUDIT] User [4bb53446-0988-4b17-a829-b18f4d79be86] deleted Task [cf53a461-1105-454d-ba36-b17328f947fc] from Org [fd4f0d45-9644-4fee-ad60-4abe3e2d40b0]
[2026-03-02T03:52:31.102Z] [AUDIT] User [4bb53446-0988-4b17-a829-b18f4d79be86] updated Task [25b426bd-1a94-4d30-ae89-c5476405c609] in Org [fd4f0d45-9644-4fee-ad60-4abe3e2d40b0]
[2026-03-02T03:52:35.148Z] [AUDIT] User [4bb53446-0988-4b17-a829-b18f4d79be86] updated Task [25b426bd-1a94-4d30-ae89-c5476405c609] in Org [fd4f0d45-9644-4fee-ad60-4abe3e2d40b0]
[2026-03-02T03:52:38.979Z] [AUDIT] User [4bb53446-0988-4b17-a829-b18f4d79be86] updated Task [25b426bd-1a94-4d30-ae89-c5476405c609] in Org [fd4f0d45-9644-4fee-ad60-4abe3e2d40b0]
[2026-03-02T03:52:41.166Z] [AUDIT] User [4bb53446-0988-4b17-a829-b18f4d79be86] deleted Task [25b426bd-1a94-4d30-ae89-c5476405c609] from Org [fd4f0d45-9644-4fee-ad60-4abe3e2d40b0]
[2026-03-02T07:34:33.759Z] [AUDIT] User [98074dfc-6919-49e1-bd6e-3a1baeb4cd42] updated Task [d94a5efd-16fe-4d35-91a4-375da47bd1a6] in Org [83e6e64a-8e90-4c67-ba65-6bdeb57a7183]
[2026-03-02T07:34:36.492Z] [AUDIT] User [98074dfc-6919-49e1-bd6e-3a1baeb4cd42] updated Task [4d61686c-1289-451c-9acf-dd11e8eaf19d] in Org [83e6e64a-8e90-4c67-ba65-6bdeb57a7183]
[2026-03-02T07:34:52.484Z] [AUDIT] User [98074dfc-6919-49e1-bd6e-3a1baeb4cd42] created Task [b06d00fd-f35e-444a-9733-ff7e717c4ad3] in Org [83e6e64a-8e90-4c67-ba65-6bdeb57a7183]
[2026-03-02T07:35:06.040Z] [AUDIT] User [98074dfc-6919-49e1-bd6e-3a1baeb4cd42] created Task [f6f721f0-e84c-4544-acaa-82d628606a1d] in Org [83e6e64a-8e90-4c67-ba65-6bdeb57a7183]
[2026-03-02T07:35:09.044Z] [AUDIT] User [98074dfc-6919-49e1-bd6e-3a1baeb4cd42] created Task [ba7aa796-ea22-4f84-8f0a-9794117aca19] in Org [83e6e64a-8e90-4c67-ba65-6bdeb57a7183]
[2026-03-02T07:35:13.106Z] [AUDIT] User [98074dfc-6919-49e1-bd6e-3a1baeb4cd42] deleted Task [b06d00fd-f35e-444a-9733-ff7e717c4ad3] from Org [83e6e64a-8e90-4c67-ba65-6bdeb57a7183]
[2026-03-02T07:35:18.450Z] [AUDIT] User [98074dfc-6919-49e1-bd6e-3a1baeb4cd42] deleted Task [f6f721f0-e84c-4544-acaa-82d628606a1d] from Org [83e6e64a-8e90-4c67-ba65-6bdeb57a7183]
[2026-03-02T07:35:22.240Z] [AUDIT] User [98074dfc-6919-49e1-bd6e-3a1baeb4cd42] deleted Task [ba7aa796-ea22-4f84-8f0a-9794117aca19] from Org [83e6e64a-8e90-4c67-ba65-6bdeb57a7183]
[2026-03-02T07:36:21.856Z] [AUDIT] User [92a2c6c4-1f3e-4cd6-9238-a7eea3903157] updated Task [780d22f7-b839-4e66-b4ce-83e1b97e573a] in Org [83e6e64a-8e90-4c67-ba65-6bdeb57a7183]
[2026-03-02T07:36:23.353Z] [AUDIT] User [92a2c6c4-1f3e-4cd6-9238-a7eea3903157] updated Task [4d61686c-1289-451c-9acf-dd11e8eaf19d] in Org [83e6e64a-8e90-4c67-ba65-6bdeb57a7183]
[2026-03-02T07:36:29.344Z] [AUDIT] User [92a2c6c4-1f3e-4cd6-9238-a7eea3903157] created Task [1e4e7666-16c1-452e-ba40-36d0f84c02ad] in Org [83e6e64a-8e90-4c67-ba65-6bdeb57a7183]
[2026-03-02T07:45:51.562Z] [AUDIT] User [92a2c6c4-1f3e-4cd6-9238-a7eea3903157] updated Task [4d61686c-1289-451c-9acf-dd11e8eaf19d] in Org [83e6e64a-8e90-4c67-ba65-6bdeb57a7183]
[2026-03-02T07:53:31.516Z] [AUDIT] User [68dab071-439a-43fd-8a19-3234ca6fe02e] deleted Task [1e4e7666-16c1-452e-ba40-36d0f84c02ad] from Org [83e6e64a-8e90-4c67-ba65-6bdeb57a7183]
[2026-03-02T07:53:51.607Z] [AUDIT] User [68dab071-439a-43fd-8a19-3234ca6fe02e] created Task [7ea85b01-8a3d-4c92-9125-8a4d1fd9b402] in Org [83e6e64a-8e90-4c67-ba65-6bdeb57a7183]
[2026-03-02T07:54:13.715Z] [AUDIT] User [98074dfc-6919-49e1-bd6e-3a1baeb4cd42] updated Task [d94a5efd-16fe-4d35-91a4-375da47bd1a6] in Org [83e6e64a-8e90-4c67-ba65-6bdeb57a7183]
[2026-03-02T08:13:32.823Z] [AUDIT] User [98074dfc-6919-49e1-bd6e-3a1baeb4cd42] created Task [3a56cf60-e246-49e8-b562-7f41fde381a5] in Org [83e6e64a-8e90-4c67-ba65-6bdeb57a7183]
